#
# There is insufficient memory for the Java Runtime Environment to continue.
# Native memory allocation (mmap) failed to map 262144000 bytes. Error detail: G1 virtual space
# Possible reasons:
#   The system is out of physical RAM or swap space
#   This process is running with CompressedOops enabled, and the Java Heap may be blocking the growth of the native heap
# Possible solutions:
#   Reduce memory load on the system
#   Increase physical memory or swap space
#   Check if swap backing store is full
#   Decrease Java heap size (-Xmx/-Xms)
#   Decrease number of Java threads
#   Decrease Java thread stack sizes (-Xss)
#   Set larger code cache with -XX:ReservedCodeCacheSize=
#   JVM is running with Zero Based Compressed Oops mode in which the Java heap is
#     placed in the first 32GB address space. The Java Heap base address is the
#     maximum limit for the native heap growth. Please use -XX:HeapBaseMinAddress
#     to set the Java Heap base and to place the Java Heap above 32GB virtual address.
# This output file may be truncated or incomplete.
#
#  Out of Memory Error (os_windows.cpp:3613), pid=22584, tid=48448
#
# JRE version:  (17.0.11+9) (build )
# Java VM: OpenJDK 64-Bit Server VM (17.0.11+9, mixed mode, emulated-client, sharing, tiered, compressed oops, compressed class ptrs, g1 gc, windows-amd64)
# No core dump will be written. Minidumps are not enabled by default on client versions of Windows
#

---------------  S U M M A R Y ------------

Command Line: -XX:TieredStopAtLevel=1 -Dspring.output.ansi.enabled=always -Dcom.sun.management.jmxremote -Dspring.jmx.enabled=true -Dspring.liveBeansView.mbeanDomain -Dspring.application.admin.enabled=true -Dmanagement.endpoints.jmx.exposure.include=* -javaagent:C:\Program Files\JetBrains\IntelliJ IDEA 2023.3.4\lib\idea_rt.jar=55978:C:\Program Files\JetBrains\IntelliJ IDEA 2023.3.4\bin -Dfile.encoding=UTF-8 com.supermarket.supermarketApplication

Host: 12th Gen Intel(R) Core(TM) i5-1240P, 16 cores, 15G,  Windows 11 , 64 bit Build 22621 (10.0.22621.3958)
Time: Mon Oct 14 17:15:48 2024  Windows 11 , 64 bit Build 22621 (10.0.22621.3958) elapsed time: 0.029488 seconds (0d 0h 0m 0s)

---------------  T H R E A D  ---------------

Current thread (0x0000022ba9ed2e90):  JavaThread "Unknown thread" [_thread_in_vm, id=48448, stack(0x0000006add700000,0x0000006add800000)]

Stack: [0x0000006add700000,0x0000006add800000]
Native frames: (J=compiled Java code, j=interpreted, Vv=VM code, C=native code)
V  [jvm.dll+0x67d429]
V  [jvm.dll+0x834b7a]
V  [jvm.dll+0x83663e]
V  [jvm.dll+0x836ca3]
V  [jvm.dll+0x247dbf]
V  [jvm.dll+0x67a269]
V  [jvm.dll+0x66ecda]
V  [jvm.dll+0x30797b]
V  [jvm.dll+0x30ee26]
V  [jvm.dll+0x35e80e]
V  [jvm.dll+0x35ea3f]
V  [jvm.dll+0x2de6b8]
V  [jvm.dll+0x2df624]
V  [jvm.dll+0x806531]
V  [jvm.dll+0x36c561]
V  [jvm.dll+0x7e4f56]
V  [jvm.dll+0x3efdcf]
V  [jvm.dll+0x3f1921]
C  [jli.dll+0x528f]
C  [ucrtbase.dll+0x29333]
C  [KERNEL32.DLL+0x1257d]
C  [ntdll.dll+0x5af28]


---------------  P R O C E S S  ---------------

Threads class SMR info:
_java_thread_list=0x00007ffcf8c9eed8, length=0, elements={
}

Java Threads: ( => current thread )

Other Threads:
  0x0000022ba9f3f4f0 GCTaskThread "GC Thread#0" [stack: 0x0000006add800000,0x0000006add900000] [id=48244]
  0x0000022ba9f4bfb0 ConcurrentGCThread "G1 Main Marker" [stack: 0x0000006add900000,0x0000006adda00000] [id=37276]
  0x0000022ba9f4c9d0 ConcurrentGCThread "G1 Conc#0" [stack: 0x0000006adda00000,0x0000006addb00000] [id=49776]

[error occurred during error reporting (printing all threads), id 0xc0000005, EXCEPTION_ACCESS_VIOLATION (0xc0000005) at pc=0x00007ffcf845f0f7]

VM state: not at safepoint (not fully initialized)

VM Mutex/Monitor currently owned by a thread:  ([mutex/lock_event])
[0x0000022ba9ece150] Heap_lock - owner thread: 0x0000022ba9ed2e90

Heap address: 0x0000000706000000, size: 4000 MB, Compressed Oops mode: Zero based, Oop shift amount: 3

CDS archive(s) mapped at: [0x0000000000000000-0x0000000000000000-0x0000000000000000), size 0, SharedBaseAddress: 0x0000000800000000, ArchiveRelocationMode: 1.
Narrow klass base: 0x0000000000000000, Narrow klass shift: 0, Narrow klass range: 0x0

GC Precious Log:
<Empty>

Heap:
 garbage-first heap   total 0K, used 0K [0x0000000706000000, 0x0000000800000000)
  region size 2048K, 0 young (0K), 0 survivors (0K)

[error occurred during error reporting (printing heap information), id 0xc0000005, EXCEPTION_ACCESS_VIOLATION (0xc0000005) at pc=0x00007ffcf88470c9]

GC Heap History (0 events):
No events

Dll operation events (1 events):
Event: 0.018 Loaded shared library C:\Users\SAMSUNG\.jdks\temurin-17.0.11\bin\java.dll

Deoptimization events (0 events):
No events

Classes unloaded (0 events):
No events

Classes redefined (0 events):
No events

Internal exceptions (0 events):
No events

VM Operations (0 events):
No events

Events (0 events):
No events


Dynamic libraries:
0x00007ff7548f0000 - 0x00007ff7548fe000 	C:\Users\SAMSUNG\.jdks\temurin-17.0.11\bin\java.exe
0x00007ffd474d0000 - 0x00007ffd476e7000 	C:\WINDOWS\SYSTEM32\ntdll.dll
0x00007ffd46810000 - 0x00007ffd468d4000 	C:\WINDOWS\System32\KERNEL32.DLL
0x00007ffd44a80000 - 0x00007ffd44e2d000 	C:\WINDOWS\System32\KERNELBASE.dll
0x00007ffd447f0000 - 0x00007ffd44901000 	C:\WINDOWS\System32\ucrtbase.dll
0x00007ffd32540000 - 0x00007ffd3255b000 	C:\Users\SAMSUNG\.jdks\temurin-17.0.11\bin\VCRUNTIME140.dll
0x00007ffd32560000 - 0x00007ffd32577000 	C:\Users\SAMSUNG\.jdks\temurin-17.0.11\bin\jli.dll
0x00007ffd457e0000 - 0x00007ffd4598e000 	C:\WINDOWS\System32\USER32.dll
0x00007ffd44990000 - 0x00007ffd449b6000 	C:\WINDOWS\System32\win32u.dll
0x00007ffd457b0000 - 0x00007ffd457d9000 	C:\WINDOWS\System32\GDI32.dll
0x00007ffd44fa0000 - 0x00007ffd450b9000 	C:\WINDOWS\System32\gdi32full.dll
0x00007ffd45160000 - 0x00007ffd451fa000 	C:\WINDOWS\System32\msvcp_win.dll
0x00007ffd23b90000 - 0x00007ffd23e23000 	C:\WINDOWS\WinSxS\amd64_microsoft.windows.common-controls_6595b64144ccf1df_6.0.22621.3672_none_2713b9d173822955\COMCTL32.dll
0x00007ffd471d0000 - 0x00007ffd47277000 	C:\WINDOWS\System32\msvcrt.dll
0x00007ffd45200000 - 0x00007ffd45231000 	C:\WINDOWS\System32\IMM32.DLL
0x00007ffd3d4a0000 - 0x00007ffd3d4ac000 	C:\Users\SAMSUNG\.jdks\temurin-17.0.11\bin\vcruntime140_1.dll
0x00007ffd0fed0000 - 0x00007ffd0ff5d000 	C:\Users\SAMSUNG\.jdks\temurin-17.0.11\bin\msvcp140.dll
0x00007ffcf8170000 - 0x00007ffcf8dd2000 	C:\Users\SAMSUNG\.jdks\temurin-17.0.11\bin\server\jvm.dll
0x00007ffd45a40000 - 0x00007ffd45af2000 	C:\WINDOWS\System32\ADVAPI32.dll
0x00007ffd468e0000 - 0x00007ffd46989000 	C:\WINDOWS\System32\sechost.dll
0x00007ffd450c0000 - 0x00007ffd450e8000 	C:\WINDOWS\System32\bcrypt.dll
0x00007ffd45680000 - 0x00007ffd45794000 	C:\WINDOWS\System32\RPCRT4.dll
0x00007ffd44460000 - 0x00007ffd444ad000 	C:\WINDOWS\SYSTEM32\POWRPROF.dll
0x00007ffd3d1b0000 - 0x00007ffd3d1e4000 	C:\WINDOWS\SYSTEM32\WINMM.dll
0x00007ffd31480000 - 0x00007ffd31489000 	C:\WINDOWS\SYSTEM32\WSOCK32.dll
0x00007ffd35900000 - 0x00007ffd3590a000 	C:\WINDOWS\SYSTEM32\VERSION.dll
0x00007ffd46e10000 - 0x00007ffd46e81000 	C:\WINDOWS\System32\WS2_32.dll
0x00007ffd44440000 - 0x00007ffd44453000 	C:\WINDOWS\SYSTEM32\UMPDC.dll
0x00007ffd43800000 - 0x00007ffd43818000 	C:\WINDOWS\SYSTEM32\kernel.appcore.dll
0x00007ffd3b210000 - 0x00007ffd3b21a000 	C:\Users\SAMSUNG\.jdks\temurin-17.0.11\bin\jimage.dll
0x00007ffd42050000 - 0x00007ffd42282000 	C:\WINDOWS\SYSTEM32\DBGHELP.DLL
0x00007ffd45240000 - 0x00007ffd455ce000 	C:\WINDOWS\System32\combase.dll
0x00007ffd45bd0000 - 0x00007ffd45ca7000 	C:\WINDOWS\System32\OLEAUT32.dll
0x00007ffd37d40000 - 0x00007ffd37d72000 	C:\WINDOWS\SYSTEM32\dbgcore.DLL
0x00007ffd44910000 - 0x00007ffd4498b000 	C:\WINDOWS\System32\bcryptPrimitives.dll
0x00007ffd3ab30000 - 0x00007ffd3ab3e000 	C:\Users\SAMSUNG\.jdks\temurin-17.0.11\bin\instrument.dll
0x00007ffd32290000 - 0x00007ffd322b5000 	C:\Users\SAMSUNG\.jdks\temurin-17.0.11\bin\java.dll

dbghelp: loaded successfully - version: 4.0.5 - missing functions: none
symbol engine: initialized successfully - sym options: 0x614 - pdb path: .;C:\Users\SAMSUNG\.jdks\temurin-17.0.11\bin;C:\WINDOWS\SYSTEM32;C:\WINDOWS\WinSxS\amd64_microsoft.windows.common-controls_6595b64144ccf1df_6.0.22621.3672_none_2713b9d173822955;C:\Users\SAMSUNG\.jdks\temurin-17.0.11\bin\server

VM Arguments:
jvm_args: -XX:TieredStopAtLevel=1 -Dspring.output.ansi.enabled=always -Dcom.sun.management.jmxremote -Dspring.jmx.enabled=true -Dspring.liveBeansView.mbeanDomain -Dspring.application.admin.enabled=true -Dmanagement.endpoints.jmx.exposure.include=* -javaagent:C:\Program Files\JetBrains\IntelliJ IDEA 2023.3.4\lib\idea_rt.jar=55978:C:\Program Files\JetBrains\IntelliJ IDEA 2023.3.4\bin -Dfile.encoding=UTF-8 
java_command: com.supermarket.supermarketApplication
java_class_path (initial): C:\superproject\demo\build\classes\java\main;C:\superproject\demo\build\resources\main;C:\Users\SAMSUNG\.gradle\caches\modules-2\files-2.1\org.projectlombok\lombok\1.18.34\ec547ef414ab1d2c040118fb9c1c265ada63af14\lombok-1.18.34.jar;C:\Users\SAMSUNG\.gradle\caches\modules-2\files-2.1\org.springframework.boot\spring-boot-starter-thymeleaf\3.3.3\c2fb77625292dd8fb623e43f500af260239f1a9\spring-boot-starter-thymeleaf-3.3.3.jar;C:\Users\SAMSUNG\.gradle\caches\modules-2\files-2.1\org.springframework.boot\spring-boot-starter-data-jpa\3.3.3\7eeb176d6130f7aa83405fe2985fe7cadc11ebc5\spring-boot-starter-data-jpa-3.3.3.jar;C:\Users\SAMSUNG\.gradle\caches\modules-2\files-2.1\org.springframework.boot\spring-boot-starter-web\3.3.3\f19325fefd33dc920c0f68547a798ed731a8c70c\spring-boot-starter-web-3.3.3.jar;C:\Users\SAMSUNG\.gradle\caches\modules-2\files-2.1\org.springframework.boot\spring-boot-starter\3.3.3\174d6cb1c59036a01756d6bf4d8945325f94155f\spring-boot-starter-3.3.3.jar;C:\Users\SAMSUNG\.gradle\caches\modules-2\files-2.1\org.thymeleaf\thymeleaf-spring6\3.1.2.RELEASE\6030c7b4e260c41336f378e53da6e8531263f24b\thymeleaf-spring6-3.1.2.RELEASE.jar;C:\Users\SAMSUNG\.gradle\caches\modules-2\files-2.1\org.springframework.boot\spring-boot-starter-aop\3.3.3\f64c22484c1ab36ae70abc752509ec4c7b1abcfc\spring-boot-starter-aop-3.3.3.jar;C:\Users\SAMSUNG\.gradle\caches\modules-2\files-2.1\org.springframework.boot\spring-boot-starter-jdbc\3.3.3\c97a56c12c79d1ce419a306ddee4ccb89b7d3728\spring-boot-starter-jdbc-3.3.3.jar;C:\Users\SAMSUNG\.gradle\caches\modules-2\files-2.1\org.hibernate.orm\hibernate-core\6.5.2.Final\e9e0cc47f6cd2b2553968aee66bd9e55e7485221\hibernate-core-6.5.2.Final.jar;C:\Users\SAMSUNG\.gradle\caches\modules-2\files-2.1\org.springframework.data\spring-data-jpa\3.3.3\9b89dbd19eee24c4dc4df12564efc603c614aa91\spring-data-jpa-3.3.3.jar;C:\Users\SAMSUNG\.gradle\caches\modules-2\files-2.1\org.springframework\spring-aspects\6.1.12\b72435b5813755a894531e2cf156
Launcher Type: SUN_STANDARD

[Global flags]
     intx CICompilerCount                          = 12                                        {product} {ergonomic}
     uint ConcGCThreads                            = 3                                         {product} {ergonomic}
     uint G1ConcRefinementThreads                  = 13                                        {product} {ergonomic}
   size_t G1HeapRegionSize                         = 2097152                                   {product} {ergonomic}
    uintx GCDrainStackTargetSize                   = 64                                        {product} {ergonomic}
   size_t InitialHeapSize                          = 262144000                                 {product} {ergonomic}
     bool ManagementServer                         = true                                      {product} {command line}
   size_t MarkStackSize                            = 4194304                                   {product} {ergonomic}
   size_t MaxHeapSize                              = 4194304000                                {product} {ergonomic}
   size_t MinHeapDeltaBytes                        = 2097152                                   {product} {ergonomic}
   size_t MinHeapSize                              = 8388608                                   {product} {ergonomic}
    uintx NonProfiledCodeHeapSize                  = 0                                      {pd product} {ergonomic}
     bool ProfileInterpreter                       = false                                  {pd product} {command line}
    uintx ProfiledCodeHeapSize                     = 0                                      {pd product} {ergonomic}
   size_t SoftMaxHeapSize                          = 4194304000                             {manageable} {ergonomic}
     intx TieredStopAtLevel                        = 1                                         {product} {command line}
     bool UseCompressedClassPointers               = true                           {product lp64_product} {ergonomic}
     bool UseCompressedOops                        = true                           {product lp64_product} {ergonomic}
     bool UseG1GC                                  = true                                      {product} {ergonomic}
     bool UseLargePagesIndividualAllocation        = false                                  {pd product} {ergonomic}

Logging:
Log output configuration:
 #0: stdout all=warning uptime,level,tags
 #1: stderr all=off uptime,level,tags

Environment Variables:
PATH=C:\WINDOWS\system32;C:\WINDOWS;C:\WINDOWS\System32\Wbem;C:\WINDOWS\System32\WindowsPowerShell\v1.0\;C:\WINDOWS\System32\OpenSSH\;C:\Program Files\nodejs\;C:\ProgramData\chocolatey\bin;C:\Program Files\Git\cmd;C:\Users\SAMSUNG\AppData\Local\Programs\Python\Python311\Scripts\;C:\Users\SAMSUNG\AppData\Local\Programs\Python\Python311\;C:\Users\SAMSUNG\AppData\Local\Microsoft\WindowsApps;C:\Program Files\Bandizip\;C:\Users\SAMSUNG\AppData\Local\Programs\Microsoft VS Code\bin;C:\Users\SAMSUNG\AppData\Roaming\npm;C:\Program Files\JetBrains\IntelliJ IDEA 2023.3.4\bin;;C:\Users\SAMSUNG\AppData\Local\GitHubDesktop\bin
USERNAME=SAMSUNG
OS=Windows_NT
PROCESSOR_IDENTIFIER=Intel64 Family 6 Model 154 Stepping 3, GenuineIntel
TMP=C:\Users\SAMSUNG\AppData\Local\Temp
TEMP=C:\Users\SAMSUNG\AppData\Local\Temp



Periodic native trim disabled


---------------  S Y S T E M  ---------------

OS:
 Windows 11 , 64 bit Build 22621 (10.0.22621.3958)
OS uptime: 23 days 12:09 hours
Hyper-V role detected

CPU: total 16 (initial active 16) (8 cores per cpu, 2 threads per core) family 6 model 154 stepping 3 microcode 0x423, cx8, cmov, fxsr, ht, mmx, 3dnowpref, sse, sse2, sse3, ssse3, sse4.1, sse4.2, popcnt, lzcnt, tsc, tscinvbit, avx, avx2, aes, erms, clmul, bmi1, bmi2, adx, sha, fma, vzeroupper, clflush, clflushopt, clwb, hv
Processor Information for processor 0
  Max Mhz: 1700, Current Mhz: 1457, Mhz Limit: 1700
Processor Information for processor 1
  Max Mhz: 1700, Current Mhz: 1700, Mhz Limit: 1700
Processor Information for processor 2
  Max Mhz: 1700, Current Mhz: 1700, Mhz Limit: 1700
Processor Information for processor 3
  Max Mhz: 1700, Current Mhz: 1700, Mhz Limit: 1700
Processor Information for processor 4
  Max Mhz: 1700, Current Mhz: 1700, Mhz Limit: 1700
Processor Information for processor 5
  Max Mhz: 1700, Current Mhz: 1457, Mhz Limit: 1700
Processor Information for processor 6
  Max Mhz: 1700, Current Mhz: 1700, Mhz Limit: 1700
Processor Information for processor 7
  Max Mhz: 1700, Current Mhz: 1700, Mhz Limit: 1700
Processor Information for processor 8
  Max Mhz: 1700, Current Mhz: 1200, Mhz Limit: 1190
Processor Information for processor 9
  Max Mhz: 1700, Current Mhz: 1200, Mhz Limit: 1190
Processor Information for processor 10
  Max Mhz: 1700, Current Mhz: 1200, Mhz Limit: 1190
Processor Information for processor 11
  Max Mhz: 1700, Current Mhz: 1200, Mhz Limit: 1190
Processor Information for processor 12
  Max Mhz: 1700, Current Mhz: 1200, Mhz Limit: 1190
Processor Information for processor 13
  Max Mhz: 1700, Current Mhz: 1200, Mhz Limit: 1190
Processor Information for processor 14
  Max Mhz: 1700, Current Mhz: 1200, Mhz Limit: 1190
Processor Information for processor 15
  Max Mhz: 1700, Current Mhz: 1200, Mhz Limit: 1190

Memory: 4k page, system-wide physical 15996M (2221M free)
TotalPageFile size 45625M (AvailPageFile size 151M)
current process WorkingSet (physical memory assigned to process): 12M, peak: 12M
current process commit charge ("private bytes"): 66M, peak: 316M

vm_info: OpenJDK 64-Bit Server VM (17.0.11+9) for windows-amd64 JRE (17.0.11+9), built on Apr 17 2024 06:07:48 by "admin" with MS VC++ 16.10 / 16.11 (VS2019)

END.
